<acceptance-test-run title="Looking up the definition of &apos;apple&apos;" name="Looking up the definition of &apos;apple&apos;" steps="3" successful="0" failures="0" errors="1" skipped="2" ignored="0" pending="0" annotated-result="ERROR" result="ERROR" duration="205" timestamp="2017-09-17T15:31:44.921+05:30">
  <user-story id="LookupADefinition" name="Lookup a definition" path="com/testing/stories/consult_dictionary/LookupADefinition.story"/>
  <tags>
    <tag name="Consult dictionary/Lookup a definition" type="story"/>
    <tag name="Lookup a definition" type="story"/>
  </tags>
  <test-group name="Given the user is on the Wikionary home page" result="ERROR">
    <test-step result="ERROR" duration="17">
      <description>Is the home page</description>
      <error>java.lang.NoClassDefFoundError: org/json/JSONException</error>
      <exception>net.thucydides.core.webdriver.WebdriverAssertionError:java.lang.NoClassDefFoundError: org/json/JSONException
[com.testing.steps.EndUserSteps.is_the_home_page(EndUserSteps.java:34), com.testing.jbehave.DefinitionSteps.givenTheUserIsOnTheWikionaryHomePage(DefinitionSteps.java:17)]</exception>
    </test-step>
  </test-group>
  <test-step result="SKIPPED" duration="1">
    <description>When the user looks up the definition of the word &apos;apple&apos;</description>
  </test-step>
  <test-step result="SKIPPED" duration="1">
    <description>Then they should see the definition &apos;A common, round fruit produced by the tree Malus domestica, cultivated in temperate climates.&apos;</description>
  </test-step>
</acceptance-test-run>